<?xml version="1.0" encoding="UTF-8"?>
<coverage generated="1764179028306" clover="3.2.0">
  <project timestamp="1764179028306" name="All files">
    <metrics statements="10" coveredstatements="5" conditionals="0" coveredconditionals="0" methods="1" coveredmethods="0" elements="11" coveredelements="5" complexity="0" loc="10" ncloc="10" packages="2" files="3" classes="3"/>
    <package name="dataBase">
      <metrics statements="8" coveredstatements="3" conditionals="0" coveredconditionals="0" methods="1" coveredmethods="0"/>
      <file name="db.js" path="C:\Users\Alumne_tarda1\Desktop\CURSO_FULLSTACK\PROECTO_FINAL_v8\PROECTO_FINAL_v7\BackEnd\src\dataBase\db.js">
        <metrics statements="8" coveredstatements="3" conditionals="0" coveredconditionals="0" methods="1" coveredmethods="0"/>
        <line num="4" count="1" type="stmt"/>
        <line num="6" count="1" type="stmt"/>
        <line num="18" count="1" type="stmt"/>
        <line num="19" count="0" type="stmt"/>
        <line num="20" count="0" type="stmt"/>
        <line num="21" count="0" type="stmt"/>
        <line num="23" count="0" type="stmt"/>
        <line num="24" count="0" type="stmt"/>
      </file>
    </package>
    <package name="models">
      <metrics statements="2" coveredstatements="2" conditionals="0" coveredconditionals="0" methods="0" coveredmethods="0"/>
      <file name="Event.js" path="C:\Users\Alumne_tarda1\Desktop\CURSO_FULLSTACK\PROECTO_FINAL_v8\PROECTO_FINAL_v7\BackEnd\src\models\Event.js">
        <metrics statements="1" coveredstatements="1" conditionals="0" coveredconditionals="0" methods="0" coveredmethods="0"/>
        <line num="7" count="1" type="stmt"/>
      </file>
      <file name="User.js" path="C:\Users\Alumne_tarda1\Desktop\CURSO_FULLSTACK\PROECTO_FINAL_v8\PROECTO_FINAL_v7\BackEnd\src\models\User.js">
        <metrics statements="1" coveredstatements="1" conditionals="0" coveredconditionals="0" methods="0" coveredmethods="0"/>
        <line num="6" count="1" type="stmt"/>
      </file>
    </package>
  </project>
</coverage>
